[debug] [2026-06-30T03:57:25.659Z] ----------------------------------------------------------------------
[debug] [2026-06-30T03:57:25.661Z] Command:       /usr/local/bin/node /Users/facundorios/.npm/_npx/ba4f1959e38407b5/node_modules/.bin/firebase deploy --only hosting
[debug] [2026-06-30T03:57:25.661Z] CLI Version:   15.22.3
[debug] [2026-06-30T03:57:25.661Z] Platform:      darwin
[debug] [2026-06-30T03:57:25.661Z] Node Version:  v22.12.0
[debug] [2026-06-30T03:57:25.661Z] Detected Agent: antigravity
[debug] [2026-06-30T03:57:25.661Z] Time:          Tue Jun 30 2026 00:57:25 GMT-0300 (Argentina Standard Time)
[debug] [2026-06-30T03:57:25.661Z] ----------------------------------------------------------------------
[debug] 
[debug] [2026-06-30T03:57:26.361Z] > command requires scopes: ["email","openid","https://www.googleapis.com/auth/cloudplatformprojects.readonly","https://www.googleapis.com/auth/firebase","https://www.googleapis.com/auth/cloud-platform"]
[debug] [2026-06-30T03:57:26.361Z] > authorizing via signed-in user (facundomatiasrios108@gmail.com)
[debug] [2026-06-30T03:57:26.361Z] [iam] checking project travel-planner-685d2 for permissions ["firebase.projects.get","firebasehosting.sites.update"]
[debug] [2026-06-30T03:57:26.362Z] Checked if tokens are valid: true, expires at: 1782795430307
[debug] [2026-06-30T03:57:26.362Z] Checked if tokens are valid: true, expires at: 1782795430307
[debug] [2026-06-30T03:57:26.362Z] >>> [apiv2][query] POST https://cloudresourcemanager.googleapis.com/v1/projects/travel-planner-685d2:testIamPermissions [none]
[debug] [2026-06-30T03:57:26.362Z] >>> [apiv2][(partial)header] POST https://cloudresourcemanager.googleapis.com/v1/projects/travel-planner-685d2:testIamPermissions  x-goog-user-project=travel-planner-685d2
[debug] [2026-06-30T03:57:26.362Z] >>> [apiv2][body] POST https://cloudresourcemanager.googleapis.com/v1/projects/travel-planner-685d2:testIamPermissions {"permissions":["firebase.projects.get","firebasehosting.sites.update"]}
[debug] [2026-06-30T03:57:27.467Z] <<< [apiv2][status] POST https://cloudresourcemanager.googleapis.com/v1/projects/travel-planner-685d2:testIamPermissions 200
[debug] [2026-06-30T03:57:27.468Z] <<< [apiv2][body] POST https://cloudresourcemanager.googleapis.com/v1/projects/travel-planner-685d2:testIamPermissions {"permissions":["firebase.projects.get","firebasehosting.sites.update"]}
[debug] [2026-06-30T03:57:27.468Z] Checked if tokens are valid: true, expires at: 1782795430307
[debug] [2026-06-30T03:57:27.469Z] Checked if tokens are valid: true, expires at: 1782795430307
[debug] [2026-06-30T03:57:27.469Z] >>> [apiv2][query] GET https://firebase.googleapis.com/v1beta1/projects/travel-planner-685d2 [none]
[debug] [2026-06-30T03:57:27.821Z] <<< [apiv2][status] GET https://firebase.googleapis.com/v1beta1/projects/travel-planner-685d2 200
